{"__type":"$$EventMessageAudit","id":"d5fdc1c1-e797-4294-a635-90260df80f6e","ts":"2025-11-29T23:32:48.658-05:00","eventName":"n8n.audit.workflow.updated","message":"n8n.audit.workflow.updated","payload":{"userId":"69adf2d7-da4f-4750-84ff-dc69407cfe67","_email":"duansticker8386@gmail.com","_firstName":"Quang","_lastName":"Đức","globalRole":"global:owner","workflowId":"hbMcaT77RmWuiIaB","workflowName":"mockup-pac1"}}
{"__type":"$$EventMessageConfirm","confirm":"d5fdc1c1-e797-4294-a635-90260df80f6e","ts":"2025-11-29T23:32:48.659-05:00","source":{"id":"0","name":"eventBus"}}
{"__type":"$$EventMessageWorkflow","id":"947a8213-b304-489e-bfba-9230066ded06","ts":"2025-11-29T23:33:19.717-05:00","eventName":"n8n.workflow.started","message":"n8n.workflow.started","payload":{"executionId":"6982","workflowId":"RnANwdBgXbppxBDX","isManual":false,"workflowName":"FF-Thuy Bot"}}
{"__type":"$$EventMessageConfirm","confirm":"947a8213-b304-489e-bfba-9230066ded06","ts":"2025-11-29T23:33:19.719-05:00","source":{"id":"0","name":"eventBus"}}
{"__type":"$$EventMessageNode","id":"4fe5e358-6fb6-4f57-98b9-14a098aad2a8","ts":"2025-11-29T23:33:19.722-05:00","eventName":"n8n.node.started","message":"n8n.node.started","payload":{"workflowId":"RnANwdBgXbppxBDX","workflowName":"FF-Thuy Bot","executionId":"6982","nodeType":"n8n-nodes-base.telegramTrigger","nodeName":"Telegram Trigger","nodeId":"fb5913fb-226b-4328-9b0c-6016bb238bbf"}}
{"__type":"$$EventMessageConfirm","confirm":"4fe5e358-6fb6-4f57-98b9-14a098aad2a8","ts":"2025-11-29T23:33:19.722-05:00","source":{"id":"0","name":"eventBus"}}
{"__type":"$$EventMessageNode","id":"39ee4134-c459-4447-8fbb-b43c7bf51034","ts":"2025-11-29T23:33:19.725-05:00","eventName":"n8n.node.finished","message":"n8n.node.finished","payload":{"workflowId":"RnANwdBgXbppxBDX","workflowName":"FF-Thuy Bot","executionId":"6982","nodeType":"n8n-nodes-base.telegramTrigger","nodeName":"Telegram Trigger","nodeId":"fb5913fb-226b-4328-9b0c-6016bb238bbf"}}
{"__type":"$$EventMessageConfirm","confirm":"39ee4134-c459-4447-8fbb-b43c7bf51034","ts":"2025-11-29T23:33:19.726-05:00","source":{"id":"0","name":"eventBus"}}
{"__type":"$$EventMessageNode","id":"6bc70bc8-5ac9-45c1-b9d7-992f54919e75","ts":"2025-11-29T23:33:19.727-05:00","eventName":"n8n.node.started","message":"n8n.node.started","payload":{"workflowId":"RnANwdBgXbppxBDX","workflowName":"FF-Thuy Bot","executionId":"6982","nodeType":"n8n-nodes-base.switch","nodeName":"Phân quyền","nodeId":"cdb1b414-1b9d-4a54-b16f-d4e270f3771d"}}
{"__type":"$$EventMessageConfirm","confirm":"6bc70bc8-5ac9-45c1-b9d7-992f54919e75","ts":"2025-11-29T23:33:19.727-05:00","source":{"id":"0","name":"eventBus"}}
{"__type":"$$EventMessageNode","id":"607d57f1-1772-4490-aaa6-b99f47aeea7e","ts":"2025-11-29T23:33:19.799-05:00","eventName":"n8n.node.finished","message":"n8n.node.finished","payload":{"workflowId":"RnANwdBgXbppxBDX","workflowName":"FF-Thuy Bot","executionId":"6982","nodeType":"n8n-nodes-base.switch","nodeName":"Phân quyền","nodeId":"cdb1b414-1b9d-4a54-b16f-d4e270f3771d"}}
{"__type":"$$EventMessageConfirm","confirm":"607d57f1-1772-4490-aaa6-b99f47aeea7e","ts":"2025-11-29T23:33:19.800-05:00","source":{"id":"0","name":"eventBus"}}
{"__type":"$$EventMessageNode","id":"325c0ae4-6682-4dbd-b56e-b605f2484e59","ts":"2025-11-29T23:33:19.800-05:00","eventName":"n8n.node.started","message":"n8n.node.started","payload":{"workflowId":"RnANwdBgXbppxBDX","workflowName":"FF-Thuy Bot","executionId":"6982","nodeType":"n8n-nodes-base.switch","nodeName":"Switch: Callback vs Message4","nodeId":"ada4db21-c4df-46a2-adba-5083091969bc"}}
{"__type":"$$EventMessageConfirm","confirm":"325c0ae4-6682-4dbd-b56e-b605f2484e59","ts":"2025-11-29T23:33:19.801-05:00","source":{"id":"0","name":"eventBus"}}
{"__type":"$$EventMessageNode","id":"7dbe940a-3ada-40bc-953f-aee090f9d733","ts":"2025-11-29T23:33:19.818-05:00","eventName":"n8n.node.finished","message":"n8n.node.finished","payload":{"workflowId":"RnANwdBgXbppxBDX","workflowName":"FF-Thuy Bot","executionId":"6982","nodeType":"n8n-nodes-base.switch","nodeName":"Switch: Callback vs Message4","nodeId":"ada4db21-c4df-46a2-adba-5083091969bc"}}
{"__type":"$$EventMessageConfirm","confirm":"7dbe940a-3ada-40bc-953f-aee090f9d733","ts":"2025-11-29T23:33:19.819-05:00","source":{"id":"0","name":"eventBus"}}
{"__type":"$$EventMessageNode","id":"4c6496d7-c1c7-44c2-97ed-72d4767d6c8b","ts":"2025-11-29T23:33:19.819-05:00","eventName":"n8n.node.started","message":"n8n.node.started","payload":{"workflowId":"RnANwdBgXbppxBDX","workflowName":"FF-Thuy Bot","executionId":"6982","nodeType":"n8n-nodes-base.switch","nodeName":"Switch Choice14","nodeId":"e677a35a-0ec2-4aeb-b842-57486f93edf3"}}
{"__type":"$$EventMessageConfirm","confirm":"4c6496d7-c1c7-44c2-97ed-72d4767d6c8b","ts":"2025-11-29T23:33:19.820-05:00","source":{"id":"0","name":"eventBus"}}
{"__type":"$$EventMessageNode","id":"b9359ffc-4e12-4190-82c8-bfca27d77b46","ts":"2025-11-29T23:33:19.867-05:00","eventName":"n8n.node.finished","message":"n8n.node.finished","payload":{"workflowId":"RnANwdBgXbppxBDX","workflowName":"FF-Thuy Bot","executionId":"6982","nodeType":"n8n-nodes-base.switch","nodeName":"Switch Choice14","nodeId":"e677a35a-0ec2-4aeb-b842-57486f93edf3"}}
{"__type":"$$EventMessageConfirm","confirm":"b9359ffc-4e12-4190-82c8-bfca27d77b46","ts":"2025-11-29T23:33:19.868-05:00","source":{"id":"0","name":"eventBus"}}
{"__type":"$$EventMessageNode","id":"9e9f28c4-03a5-4c05-97ff-1c870e2d4537","ts":"2025-11-29T23:33:19.868-05:00","eventName":"n8n.node.started","message":"n8n.node.started","payload":{"workflowId":"RnANwdBgXbppxBDX","workflowName":"FF-Thuy Bot","executionId":"6982","nodeType":"n8n-nodes-base.telegram","nodeName":"Menu6","nodeId":"6911cb9b-e713-4d8b-97d6-e16f11b0e4e6"}}
{"__type":"$$EventMessageConfirm","confirm":"9e9f28c4-03a5-4c05-97ff-1c870e2d4537","ts":"2025-11-29T23:33:19.868-05:00","source":{"id":"0","name":"eventBus"}}
{"__type":"$$EventMessageNode","id":"c0740e9c-26fa-4b47-b772-a76ee21141c3","ts":"2025-11-29T23:33:20.794-05:00","eventName":"n8n.node.finished","message":"n8n.node.finished","payload":{"workflowId":"RnANwdBgXbppxBDX","workflowName":"FF-Thuy Bot","executionId":"6982","nodeType":"n8n-nodes-base.telegram","nodeName":"Menu6","nodeId":"6911cb9b-e713-4d8b-97d6-e16f11b0e4e6"}}
{"__type":"$$EventMessageConfirm","confirm":"c0740e9c-26fa-4b47-b772-a76ee21141c3","ts":"2025-11-29T23:33:20.795-05:00","source":{"id":"0","name":"eventBus"}}
{"__type":"$$EventMessageWorkflow","id":"5358ab2c-b1bd-4dc0-8e7a-176dabea8ca4","ts":"2025-11-29T23:33:20.804-05:00","eventName":"n8n.workflow.success","message":"n8n.workflow.success","payload":{"executionId":"6982","success":true,"isManual":false,"workflowId":"RnANwdBgXbppxBDX","workflowName":"FF-Thuy Bot"}}
{"__type":"$$EventMessageConfirm","confirm":"5358ab2c-b1bd-4dc0-8e7a-176dabea8ca4","ts":"2025-11-29T23:33:20.805-05:00","source":{"id":"0","name":"eventBus"}}
{"__type":"$$EventMessageWorkflow","id":"c59f86a4-0539-436d-847e-8464c68122d9","ts":"2025-11-29T23:33:24.155-05:00","eventName":"n8n.workflow.started","message":"n8n.workflow.started","payload":{"executionId":"6983","workflowId":"S0wE13S0p23Ubdzp","isManual":false,"workflowName":"FF_GHao_Bot"}}
{"__type":"$$EventMessageConfirm","confirm":"c59f86a4-0539-436d-847e-8464c68122d9","ts":"2025-11-29T23:33:24.156-05:00","source":{"id":"0","name":"eventBus"}}
{"__type":"$$EventMessageNode","id":"748845c8-be0c-4f58-9791-2197f5bf94f3","ts":"2025-11-29T23:33:24.156-05:00","eventName":"n8n.node.started","message":"n8n.node.started","payload":{"workflowId":"S0wE13S0p23Ubdzp","workflowName":"FF_GHao_Bot","executionId":"6983","nodeType":"n8n-nodes-base.telegramTrigger","nodeName":"Telegram Trigger","nodeId":"2566b07d-c4d8-40f7-8109-07dd2340fcf4"}}
{"__type":"$$EventMessageConfirm","confirm":"748845c8-be0c-4f58-9791-2197f5bf94f3","ts":"2025-11-29T23:33:24.157-05:00","source":{"id":"0","name":"eventBus"}}
{"__type":"$$EventMessageNode","id":"f9f04dbe-5c0a-4bdb-8db4-f20a030bb0de","ts":"2025-11-29T23:33:24.157-05:00","eventName":"n8n.node.finished","message":"n8n.node.finished","payload":{"workflowId":"S0wE13S0p23Ubdzp","workflowName":"FF_GHao_Bot","executionId":"6983","nodeType":"n8n-nodes-base.telegramTrigger","nodeName":"Telegram Trigger","nodeId":"2566b07d-c4d8-40f7-8109-07dd2340fcf4"}}
{"__type":"$$EventMessageConfirm","confirm":"f9f04dbe-5c0a-4bdb-8db4-f20a030bb0de","ts":"2025-11-29T23:33:24.158-05:00","source":{"id":"0","name":"eventBus"}}
{"__type":"$$EventMessageNode","id":"c946ed09-e7a9-4419-aac8-d46bbed3a43d","ts":"2025-11-29T23:33:24.158-05:00","eventName":"n8n.node.started","message":"n8n.node.started","payload":{"workflowId":"S0wE13S0p23Ubdzp","workflowName":"FF_GHao_Bot","executionId":"6983","nodeType":"n8n-nodes-base.switch","nodeName":"Phân quyền","nodeId":"dd5b2bdb-8ca9-4dc8-a764-29e4aa44b748"}}
{"__type":"$$EventMessageConfirm","confirm":"c946ed09-e7a9-4419-aac8-d46bbed3a43d","ts":"2025-11-29T23:33:24.159-05:00","source":{"id":"0","name":"eventBus"}}
{"__type":"$$EventMessageNode","id":"34a18d79-28f5-462d-af67-6f7e1a00b070","ts":"2025-11-29T23:33:24.168-05:00","eventName":"n8n.node.finished","message":"n8n.node.finished","payload":{"workflowId":"S0wE13S0p23Ubdzp","workflowName":"FF_GHao_Bot","executionId":"6983","nodeType":"n8n-nodes-base.switch","nodeName":"Phân quyền","nodeId":"dd5b2bdb-8ca9-4dc8-a764-29e4aa44b748"}}
{"__type":"$$EventMessageConfirm","confirm":"34a18d79-28f5-462d-af67-6f7e1a00b070","ts":"2025-11-29T23:33:24.168-05:00","source":{"id":"0","name":"eventBus"}}
{"__type":"$$EventMessageNode","id":"05a32932-dd87-4e15-b846-59deff4f8641","ts":"2025-11-29T23:33:24.169-05:00","eventName":"n8n.node.started","message":"n8n.node.started","payload":{"workflowId":"S0wE13S0p23Ubdzp","workflowName":"FF_GHao_Bot","executionId":"6983","nodeType":"n8n-nodes-base.switch","nodeName":"Switch: Callback vs Message5","nodeId":"df40eac3-f636-410e-a2dd-1dd53d71071d"}}
{"__type":"$$EventMessageConfirm","confirm":"05a32932-dd87-4e15-b846-59deff4f8641","ts":"2025-11-29T23:33:24.169-05:00","source":{"id":"0","name":"eventBus"}}
{"__type":"$$EventMessageNode","id":"ed71abf6-7b6a-4454-aa7b-1f99759143d5","ts":"2025-11-29T23:33:24.172-05:00","eventName":"n8n.node.finished","message":"n8n.node.finished","payload":{"workflowId":"S0wE13S0p23Ubdzp","workflowName":"FF_GHao_Bot","executionId":"6983","nodeType":"n8n-nodes-base.switch","nodeName":"Switch: Callback vs Message5","nodeId":"df40eac3-f636-410e-a2dd-1dd53d71071d"}}
{"__type":"$$EventMessageConfirm","confirm":"ed71abf6-7b6a-4454-aa7b-1f99759143d5","ts":"2025-11-29T23:33:24.172-05:00","source":{"id":"0","name":"eventBus"}}
{"__type":"$$EventMessageNode","id":"817478bc-8d8f-4480-86cb-eb925da5db62","ts":"2025-11-29T23:33:24.173-05:00","eventName":"n8n.node.started","message":"n8n.node.started","payload":{"workflowId":"S0wE13S0p23Ubdzp","workflowName":"FF_GHao_Bot","executionId":"6983","nodeType":"n8n-nodes-base.switch","nodeName":"Switch Choice17","nodeId":"889826c4-99a6-42d6-b0c1-5b702379f7eb"}}
{"__type":"$$EventMessageConfirm","confirm":"817478bc-8d8f-4480-86cb-eb925da5db62","ts":"2025-11-29T23:33:24.173-05:00","source":{"id":"0","name":"eventBus"}}
{"__type":"$$EventMessageNode","id":"f49f8f23-9a39-4874-bba2-d52a65675e8e","ts":"2025-11-29T23:33:24.177-05:00","eventName":"n8n.node.finished","message":"n8n.node.finished","payload":{"workflowId":"S0wE13S0p23Ubdzp","workflowName":"FF_GHao_Bot","executionId":"6983","nodeType":"n8n-nodes-base.switch","nodeName":"Switch Choice17","nodeId":"889826c4-99a6-42d6-b0c1-5b702379f7eb"}}
{"__type":"$$EventMessageConfirm","confirm":"f49f8f23-9a39-4874-bba2-d52a65675e8e","ts":"2025-11-29T23:33:24.178-05:00","source":{"id":"0","name":"eventBus"}}
{"__type":"$$EventMessageNode","id":"6f9b0163-3ec0-4a38-845d-941c131fcd7a","ts":"2025-11-29T23:33:24.178-05:00","eventName":"n8n.node.started","message":"n8n.node.started","payload":{"workflowId":"S0wE13S0p23Ubdzp","workflowName":"FF_GHao_Bot","executionId":"6983","nodeType":"n8n-nodes-base.telegram","nodeName":"Menu6","nodeId":"caa4363a-6582-472f-a618-82f4a13401e2"}}
{"__type":"$$EventMessageConfirm","confirm":"6f9b0163-3ec0-4a38-845d-941c131fcd7a","ts":"2025-11-29T23:33:24.178-05:00","source":{"id":"0","name":"eventBus"}}
{"__type":"$$EventMessageNode","id":"f0c6e5c5-2053-40ae-9117-8ea6d0bcc59d","ts":"2025-11-29T23:33:25.051-05:00","eventName":"n8n.node.finished","message":"n8n.node.finished","payload":{"workflowId":"S0wE13S0p23Ubdzp","workflowName":"FF_GHao_Bot","executionId":"6983","nodeType":"n8n-nodes-base.telegram","nodeName":"Menu6","nodeId":"caa4363a-6582-472f-a618-82f4a13401e2"}}
{"__type":"$$EventMessageConfirm","confirm":"f0c6e5c5-2053-40ae-9117-8ea6d0bcc59d","ts":"2025-11-29T23:33:25.052-05:00","source":{"id":"0","name":"eventBus"}}
{"__type":"$$EventMessageWorkflow","id":"15f32654-2536-4d01-bbe4-25558261474d","ts":"2025-11-29T23:33:25.053-05:00","eventName":"n8n.workflow.success","message":"n8n.workflow.success","payload":{"executionId":"6983","success":true,"isManual":false,"workflowId":"S0wE13S0p23Ubdzp","workflowName":"FF_GHao_Bot"}}
{"__type":"$$EventMessageConfirm","confirm":"15f32654-2536-4d01-bbe4-25558261474d","ts":"2025-11-29T23:33:25.054-05:00","source":{"id":"0","name":"eventBus"}}
{"__type":"$$EventMessageWorkflow","id":"a38dc129-5f78-4ca6-9d26-42185d64db8f","ts":"2025-11-30T00:57:15.174-05:00","eventName":"n8n.workflow.started","message":"n8n.workflow.started","payload":{"executionId":"6984","workflowId":"S0wE13S0p23Ubdzp","isManual":false,"workflowName":"FF_GHao_Bot"}}
{"__type":"$$EventMessageConfirm","confirm":"a38dc129-5f78-4ca6-9d26-42185d64db8f","ts":"2025-11-30T00:57:15.175-05:00","source":{"id":"0","name":"eventBus"}}
{"__type":"$$EventMessageNode","id":"8374fbdc-39d4-48dc-919a-b4aec0308b72","ts":"2025-11-30T00:57:15.176-05:00","eventName":"n8n.node.started","message":"n8n.node.started","payload":{"workflowId":"S0wE13S0p23Ubdzp","workflowName":"FF_GHao_Bot","executionId":"6984","nodeType":"n8n-nodes-base.telegramTrigger","nodeName":"Telegram Trigger","nodeId":"2566b07d-c4d8-40f7-8109-07dd2340fcf4"}}
{"__type":"$$EventMessageConfirm","confirm":"8374fbdc-39d4-48dc-919a-b4aec0308b72","ts":"2025-11-30T00:57:15.176-05:00","source":{"id":"0","name":"eventBus"}}
{"__type":"$$EventMessageNode","id":"66c968e0-358f-4d01-ae7b-b89f390ded45","ts":"2025-11-30T00:57:15.177-05:00","eventName":"n8n.node.finished","message":"n8n.node.finished","payload":{"workflowId":"S0wE13S0p23Ubdzp","workflowName":"FF_GHao_Bot","executionId":"6984","nodeType":"n8n-nodes-base.telegramTrigger","nodeName":"Telegram Trigger","nodeId":"2566b07d-c4d8-40f7-8109-07dd2340fcf4"}}
{"__type":"$$EventMessageConfirm","confirm":"66c968e0-358f-4d01-ae7b-b89f390ded45","ts":"2025-11-30T00:57:15.177-05:00","source":{"id":"0","name":"eventBus"}}
{"__type":"$$EventMessageNode","id":"1e58930c-b259-4c81-b9f3-7801a54a034b","ts":"2025-11-30T00:57:15.177-05:00","eventName":"n8n.node.started","message":"n8n.node.started","payload":{"workflowId":"S0wE13S0p23Ubdzp","workflowName":"FF_GHao_Bot","executionId":"6984","nodeType":"n8n-nodes-base.switch","nodeName":"Phân quyền","nodeId":"dd5b2bdb-8ca9-4dc8-a764-29e4aa44b748"}}
{"__type":"$$EventMessageConfirm","confirm":"1e58930c-b259-4c81-b9f3-7801a54a034b","ts":"2025-11-30T00:57:15.178-05:00","source":{"id":"0","name":"eventBus"}}
{"__type":"$$EventMessageNode","id":"81e629ec-774c-462b-94b9-bf3b75ba10dc","ts":"2025-11-30T00:57:15.188-05:00","eventName":"n8n.node.finished","message":"n8n.node.finished","payload":{"workflowId":"S0wE13S0p23Ubdzp","workflowName":"FF_GHao_Bot","executionId":"6984","nodeType":"n8n-nodes-base.switch","nodeName":"Phân quyền","nodeId":"dd5b2bdb-8ca9-4dc8-a764-29e4aa44b748"}}
{"__type":"$$EventMessageConfirm","confirm":"81e629ec-774c-462b-94b9-bf3b75ba10dc","ts":"2025-11-30T00:57:15.188-05:00","source":{"id":"0","name":"eventBus"}}
{"__type":"$$EventMessageNode","id":"1bde3cee-1767-4f9e-83cc-0e4d8b589825","ts":"2025-11-30T00:57:15.188-05:00","eventName":"n8n.node.started","message":"n8n.node.started","payload":{"workflowId":"S0wE13S0p23Ubdzp","workflowName":"FF_GHao_Bot","executionId":"6984","nodeType":"n8n-nodes-base.switch","nodeName":"Switch: Callback vs Message5","nodeId":"df40eac3-f636-410e-a2dd-1dd53d71071d"}}
{"__type":"$$EventMessageConfirm","confirm":"1bde3cee-1767-4f9e-83cc-0e4d8b589825","ts":"2025-11-30T00:57:15.189-05:00","source":{"id":"0","name":"eventBus"}}
{"__type":"$$EventMessageNode","id":"168e4dd9-9320-4e12-95cc-8f8b9cf6113b","ts":"2025-11-30T00:57:15.194-05:00","eventName":"n8n.node.finished","message":"n8n.node.finished","payload":{"workflowId":"S0wE13S0p23Ubdzp","workflowName":"FF_GHao_Bot","executionId":"6984","nodeType":"n8n-nodes-base.switch","nodeName":"Switch: Callback vs Message5","nodeId":"df40eac3-f636-410e-a2dd-1dd53d71071d"}}
{"__type":"$$EventMessageConfirm","confirm":"168e4dd9-9320-4e12-95cc-8f8b9cf6113b","ts":"2025-11-30T00:57:15.194-05:00","source":{"id":"0","name":"eventBus"}}
{"__type":"$$EventMessageNode","id":"8fef043c-bd26-42e3-a58e-683a8fc6b5aa","ts":"2025-11-30T00:57:15.194-05:00","eventName":"n8n.node.started","message":"n8n.node.started","payload":{"workflowId":"S0wE13S0p23Ubdzp","workflowName":"FF_GHao_Bot","executionId":"6984","nodeType":"n8n-nodes-base.switch","nodeName":"Switch Choice17","nodeId":"889826c4-99a6-42d6-b0c1-5b702379f7eb"}}
{"__type":"$$EventMessageConfirm","confirm":"8fef043c-bd26-42e3-a58e-683a8fc6b5aa","ts":"2025-11-30T00:57:15.195-05:00","source":{"id":"0","name":"eventBus"}}
{"__type":"$$EventMessageNode","id":"a0cad49b-55d2-4dc3-9500-623968ac14a5","ts":"2025-11-30T00:57:15.200-05:00","eventName":"n8n.node.finished","message":"n8n.node.finished","payload":{"workflowId":"S0wE13S0p23Ubdzp","workflowName":"FF_GHao_Bot","executionId":"6984","nodeType":"n8n-nodes-base.switch","nodeName":"Switch Choice17","nodeId":"889826c4-99a6-42d6-b0c1-5b702379f7eb"}}
{"__type":"$$EventMessageConfirm","confirm":"a0cad49b-55d2-4dc3-9500-623968ac14a5","ts":"2025-11-30T00:57:15.200-05:00","source":{"id":"0","name":"eventBus"}}
{"__type":"$$EventMessageNode","id":"5b2918d1-5074-4764-acd9-ca31704d1b23","ts":"2025-11-30T00:57:15.201-05:00","eventName":"n8n.node.started","message":"n8n.node.started","payload":{"workflowId":"S0wE13S0p23Ubdzp","workflowName":"FF_GHao_Bot","executionId":"6984","nodeType":"n8n-nodes-base.telegram","nodeName":"Menu6","nodeId":"caa4363a-6582-472f-a618-82f4a13401e2"}}
{"__type":"$$EventMessageConfirm","confirm":"5b2918d1-5074-4764-acd9-ca31704d1b23","ts":"2025-11-30T00:57:15.201-05:00","source":{"id":"0","name":"eventBus"}}
{"__type":"$$EventMessageNode","id":"e3c8edb2-ef3f-4dbe-b962-17836cfc38ba","ts":"2025-11-30T00:57:16.131-05:00","eventName":"n8n.node.finished","message":"n8n.node.finished","payload":{"workflowId":"S0wE13S0p23Ubdzp","workflowName":"FF_GHao_Bot","executionId":"6984","nodeType":"n8n-nodes-base.telegram","nodeName":"Menu6","nodeId":"caa4363a-6582-472f-a618-82f4a13401e2"}}
{"__type":"$$EventMessageConfirm","confirm":"e3c8edb2-ef3f-4dbe-b962-17836cfc38ba","ts":"2025-11-30T00:57:16.132-05:00","source":{"id":"0","name":"eventBus"}}
{"__type":"$$EventMessageWorkflow","id":"f4e58918-12d2-49e0-8ee8-c37bb6c5b25a","ts":"2025-11-30T00:57:16.133-05:00","eventName":"n8n.workflow.success","message":"n8n.workflow.success","payload":{"executionId":"6984","success":true,"isManual":false,"workflowId":"S0wE13S0p23Ubdzp","workflowName":"FF_GHao_Bot"}}
{"__type":"$$EventMessageConfirm","confirm":"f4e58918-12d2-49e0-8ee8-c37bb6c5b25a","ts":"2025-11-30T00:57:16.134-05:00","source":{"id":"0","name":"eventBus"}}
{"__type":"$$EventMessageWorkflow","id":"735ff002-b486-430c-960f-0a219bc03725","ts":"2025-11-30T00:57:26.789-05:00","eventName":"n8n.workflow.started","message":"n8n.workflow.started","payload":{"executionId":"6985","workflowId":"RnANwdBgXbppxBDX","isManual":false,"workflowName":"FF-Thuy Bot"}}
{"__type":"$$EventMessageConfirm","confirm":"735ff002-b486-430c-960f-0a219bc03725","ts":"2025-11-30T00:57:26.790-05:00","source":{"id":"0","name":"eventBus"}}
{"__type":"$$EventMessageNode","id":"17fdbd95-074a-4a16-a6da-2e3de888bd44","ts":"2025-11-30T00:57:26.790-05:00","eventName":"n8n.node.started","message":"n8n.node.started","payload":{"workflowId":"RnANwdBgXbppxBDX","workflowName":"FF-Thuy Bot","executionId":"6985","nodeType":"n8n-nodes-base.telegramTrigger","nodeName":"Telegram Trigger","nodeId":"fb5913fb-226b-4328-9b0c-6016bb238bbf"}}
{"__type":"$$EventMessageConfirm","confirm":"17fdbd95-074a-4a16-a6da-2e3de888bd44","ts":"2025-11-30T00:57:26.791-05:00","source":{"id":"0","name":"eventBus"}}
{"__type":"$$EventMessageNode","id":"67bb6f68-3987-448a-93de-7d35eb37b082","ts":"2025-11-30T00:57:26.791-05:00","eventName":"n8n.node.finished","message":"n8n.node.finished","payload":{"workflowId":"RnANwdBgXbppxBDX","workflowName":"FF-Thuy Bot","executionId":"6985","nodeType":"n8n-nodes-base.telegramTrigger","nodeName":"Telegram Trigger","nodeId":"fb5913fb-226b-4328-9b0c-6016bb238bbf"}}
{"__type":"$$EventMessageConfirm","confirm":"67bb6f68-3987-448a-93de-7d35eb37b082","ts":"2025-11-30T00:57:26.792-05:00","source":{"id":"0","name":"eventBus"}}
{"__type":"$$EventMessageNode","id":"78f047d7-fa35-4802-ab46-e6f33fce460f","ts":"2025-11-30T00:57:26.792-05:00","eventName":"n8n.node.started","message":"n8n.node.started","payload":{"workflowId":"RnANwdBgXbppxBDX","workflowName":"FF-Thuy Bot","executionId":"6985","nodeType":"n8n-nodes-base.switch","nodeName":"Phân quyền","nodeId":"cdb1b414-1b9d-4a54-b16f-d4e270f3771d"}}
{"__type":"$$EventMessageConfirm","confirm":"78f047d7-fa35-4802-ab46-e6f33fce460f","ts":"2025-11-30T00:57:26.793-05:00","source":{"id":"0","name":"eventBus"}}
{"__type":"$$EventMessageNode","id":"525f88e6-7ccc-44fa-80ab-f044fd6e7961","ts":"2025-11-30T00:57:26.802-05:00","eventName":"n8n.node.finished","message":"n8n.node.finished","payload":{"workflowId":"RnANwdBgXbppxBDX","workflowName":"FF-Thuy Bot","executionId":"6985","nodeType":"n8n-nodes-base.switch","nodeName":"Phân quyền","nodeId":"cdb1b414-1b9d-4a54-b16f-d4e270f3771d"}}
{"__type":"$$EventMessageConfirm","confirm":"525f88e6-7ccc-44fa-80ab-f044fd6e7961","ts":"2025-11-30T00:57:26.802-05:00","source":{"id":"0","name":"eventBus"}}
{"__type":"$$EventMessageNode","id":"b67b2acd-38e8-4264-a7d8-cb7ef2638da6","ts":"2025-11-30T00:57:26.803-05:00","eventName":"n8n.node.started","message":"n8n.node.started","payload":{"workflowId":"RnANwdBgXbppxBDX","workflowName":"FF-Thuy Bot","executionId":"6985","nodeType":"n8n-nodes-base.switch","nodeName":"Switch: Callback vs Message4","nodeId":"ada4db21-c4df-46a2-adba-5083091969bc"}}
{"__type":"$$EventMessageConfirm","confirm":"b67b2acd-38e8-4264-a7d8-cb7ef2638da6","ts":"2025-11-30T00:57:26.803-05:00","source":{"id":"0","name":"eventBus"}}
{"__type":"$$EventMessageNode","id":"0e4bb1b6-6369-4ae2-8748-87144dd45446","ts":"2025-11-30T00:57:26.807-05:00","eventName":"n8n.node.finished","message":"n8n.node.finished","payload":{"workflowId":"RnANwdBgXbppxBDX","workflowName":"FF-Thuy Bot","executionId":"6985","nodeType":"n8n-nodes-base.switch","nodeName":"Switch: Callback vs Message4","nodeId":"ada4db21-c4df-46a2-adba-5083091969bc"}}
{"__type":"$$EventMessageConfirm","confirm":"0e4bb1b6-6369-4ae2-8748-87144dd45446","ts":"2025-11-30T00:57:26.807-05:00","source":{"id":"0","name":"eventBus"}}
{"__type":"$$EventMessageNode","id":"5326e4aa-d375-4f35-aa29-39922dd042fb","ts":"2025-11-30T00:57:26.808-05:00","eventName":"n8n.node.started","message":"n8n.node.started","payload":{"workflowId":"RnANwdBgXbppxBDX","workflowName":"FF-Thuy Bot","executionId":"6985","nodeType":"n8n-nodes-base.switch","nodeName":"Switch Choice14","nodeId":"e677a35a-0ec2-4aeb-b842-57486f93edf3"}}
{"__type":"$$EventMessageConfirm","confirm":"5326e4aa-d375-4f35-aa29-39922dd042fb","ts":"2025-11-30T00:57:26.808-05:00","source":{"id":"0","name":"eventBus"}}
{"__type":"$$EventMessageNode","id":"17b0b420-09ec-4702-a6a1-0442c8d77b6a","ts":"2025-11-30T00:57:26.813-05:00","eventName":"n8n.node.finished","message":"n8n.node.finished","payload":{"workflowId":"RnANwdBgXbppxBDX","workflowName":"FF-Thuy Bot","executionId":"6985","nodeType":"n8n-nodes-base.switch","nodeName":"Switch Choice14","nodeId":"e677a35a-0ec2-4aeb-b842-57486f93edf3"}}
{"__type":"$$EventMessageConfirm","confirm":"17b0b420-09ec-4702-a6a1-0442c8d77b6a","ts":"2025-11-30T00:57:26.813-05:00","source":{"id":"0","name":"eventBus"}}
{"__type":"$$EventMessageNode","id":"03bda394-472f-4cf4-8022-af58f5b4b6a1","ts":"2025-11-30T00:57:26.813-05:00","eventName":"n8n.node.started","message":"n8n.node.started","payload":{"workflowId":"RnANwdBgXbppxBDX","workflowName":"FF-Thuy Bot","executionId":"6985","nodeType":"n8n-nodes-base.telegram","nodeName":"Menu6","nodeId":"6911cb9b-e713-4d8b-97d6-e16f11b0e4e6"}}
{"__type":"$$EventMessageConfirm","confirm":"03bda394-472f-4cf4-8022-af58f5b4b6a1","ts":"2025-11-30T00:57:26.814-05:00","source":{"id":"0","name":"eventBus"}}
{"__type":"$$EventMessageNode","id":"238f372d-9a11-41d3-9659-3050b8197811","ts":"2025-11-30T00:57:27.710-05:00","eventName":"n8n.node.finished","message":"n8n.node.finished","payload":{"workflowId":"RnANwdBgXbppxBDX","workflowName":"FF-Thuy Bot","executionId":"6985","nodeType":"n8n-nodes-base.telegram","nodeName":"Menu6","nodeId":"6911cb9b-e713-4d8b-97d6-e16f11b0e4e6"}}
{"__type":"$$EventMessageConfirm","confirm":"238f372d-9a11-41d3-9659-3050b8197811","ts":"2025-11-30T00:57:27.711-05:00","source":{"id":"0","name":"eventBus"}}
{"__type":"$$EventMessageWorkflow","id":"a99bd4c5-059e-4f13-b359-72b0f3e9efd5","ts":"2025-11-30T00:57:27.712-05:00","eventName":"n8n.workflow.success","message":"n8n.workflow.success","payload":{"executionId":"6985","success":true,"isManual":false,"workflowId":"RnANwdBgXbppxBDX","workflowName":"FF-Thuy Bot"}}
{"__type":"$$EventMessageConfirm","confirm":"a99bd4c5-059e-4f13-b359-72b0f3e9efd5","ts":"2025-11-30T00:57:27.713-05:00","source":{"id":"0","name":"eventBus"}}
