{"__type":"$$EventMessageWorkflow","id":"15195c9c-8da4-4f59-a102-3f650c50143c","ts":"2025-11-29T10:20:59.952-05:00","eventName":"n8n.workflow.started","message":"n8n.workflow.started","payload":{"executionId":"6979","workflowId":"S0wE13S0p23Ubdzp","isManual":false,"workflowName":"FF_GHao_Bot"}}
{"__type":"$$EventMessageConfirm","confirm":"15195c9c-8da4-4f59-a102-3f650c50143c","ts":"2025-11-29T10:20:59.953-05:00","source":{"id":"0","name":"eventBus"}}
{"__type":"$$EventMessageNode","id":"86cc7067-f049-407a-913c-494360bc7a4e","ts":"2025-11-29T10:20:59.955-05:00","eventName":"n8n.node.started","message":"n8n.node.started","payload":{"workflowId":"S0wE13S0p23Ubdzp","workflowName":"FF_GHao_Bot","executionId":"6979","nodeType":"n8n-nodes-base.telegramTrigger","nodeName":"Telegram Trigger","nodeId":"2566b07d-c4d8-40f7-8109-07dd2340fcf4"}}
{"__type":"$$EventMessageConfirm","confirm":"86cc7067-f049-407a-913c-494360bc7a4e","ts":"2025-11-29T10:20:59.956-05:00","source":{"id":"0","name":"eventBus"}}
{"__type":"$$EventMessageNode","id":"1358e8a0-720d-4ce9-9908-da0b4ea74a4d","ts":"2025-11-29T10:20:59.958-05:00","eventName":"n8n.node.finished","message":"n8n.node.finished","payload":{"workflowId":"S0wE13S0p23Ubdzp","workflowName":"FF_GHao_Bot","executionId":"6979","nodeType":"n8n-nodes-base.telegramTrigger","nodeName":"Telegram Trigger","nodeId":"2566b07d-c4d8-40f7-8109-07dd2340fcf4"}}
{"__type":"$$EventMessageConfirm","confirm":"1358e8a0-720d-4ce9-9908-da0b4ea74a4d","ts":"2025-11-29T10:20:59.959-05:00","source":{"id":"0","name":"eventBus"}}
{"__type":"$$EventMessageNode","id":"a576aaaf-2709-4c6e-a6c5-d6d00b4c56d4","ts":"2025-11-29T10:20:59.960-05:00","eventName":"n8n.node.started","message":"n8n.node.started","payload":{"workflowId":"S0wE13S0p23Ubdzp","workflowName":"FF_GHao_Bot","executionId":"6979","nodeType":"n8n-nodes-base.switch","nodeName":"Phân quyền","nodeId":"dd5b2bdb-8ca9-4dc8-a764-29e4aa44b748"}}
{"__type":"$$EventMessageConfirm","confirm":"a576aaaf-2709-4c6e-a6c5-d6d00b4c56d4","ts":"2025-11-29T10:20:59.960-05:00","source":{"id":"0","name":"eventBus"}}
{"__type":"$$EventMessageNode","id":"19921376-1e8a-41b8-bc6f-5a17a93730c3","ts":"2025-11-29T10:21:00.030-05:00","eventName":"n8n.node.finished","message":"n8n.node.finished","payload":{"workflowId":"S0wE13S0p23Ubdzp","workflowName":"FF_GHao_Bot","executionId":"6979","nodeType":"n8n-nodes-base.switch","nodeName":"Phân quyền","nodeId":"dd5b2bdb-8ca9-4dc8-a764-29e4aa44b748"}}
{"__type":"$$EventMessageConfirm","confirm":"19921376-1e8a-41b8-bc6f-5a17a93730c3","ts":"2025-11-29T10:21:00.030-05:00","source":{"id":"0","name":"eventBus"}}
{"__type":"$$EventMessageNode","id":"ac42aa4c-b6dc-4879-8b75-3cfbf8ae98e9","ts":"2025-11-29T10:21:00.031-05:00","eventName":"n8n.node.started","message":"n8n.node.started","payload":{"workflowId":"S0wE13S0p23Ubdzp","workflowName":"FF_GHao_Bot","executionId":"6979","nodeType":"n8n-nodes-base.switch","nodeName":"Switch: Callback vs Message5","nodeId":"df40eac3-f636-410e-a2dd-1dd53d71071d"}}
{"__type":"$$EventMessageConfirm","confirm":"ac42aa4c-b6dc-4879-8b75-3cfbf8ae98e9","ts":"2025-11-29T10:21:00.031-05:00","source":{"id":"0","name":"eventBus"}}
{"__type":"$$EventMessageNode","id":"ef0044fe-4d21-483e-931e-103e42a4eae3","ts":"2025-11-29T10:21:00.046-05:00","eventName":"n8n.node.finished","message":"n8n.node.finished","payload":{"workflowId":"S0wE13S0p23Ubdzp","workflowName":"FF_GHao_Bot","executionId":"6979","nodeType":"n8n-nodes-base.switch","nodeName":"Switch: Callback vs Message5","nodeId":"df40eac3-f636-410e-a2dd-1dd53d71071d"}}
{"__type":"$$EventMessageConfirm","confirm":"ef0044fe-4d21-483e-931e-103e42a4eae3","ts":"2025-11-29T10:21:00.047-05:00","source":{"id":"0","name":"eventBus"}}
{"__type":"$$EventMessageNode","id":"9a71c788-95aa-48a3-8222-cc6cc8c8101e","ts":"2025-11-29T10:21:00.047-05:00","eventName":"n8n.node.started","message":"n8n.node.started","payload":{"workflowId":"S0wE13S0p23Ubdzp","workflowName":"FF_GHao_Bot","executionId":"6979","nodeType":"n8n-nodes-base.switch","nodeName":"Switch Choice17","nodeId":"889826c4-99a6-42d6-b0c1-5b702379f7eb"}}
{"__type":"$$EventMessageConfirm","confirm":"9a71c788-95aa-48a3-8222-cc6cc8c8101e","ts":"2025-11-29T10:21:00.048-05:00","source":{"id":"0","name":"eventBus"}}
{"__type":"$$EventMessageNode","id":"7b34fef6-174e-4a0c-ac32-3bf77e30f603","ts":"2025-11-29T10:21:00.101-05:00","eventName":"n8n.node.finished","message":"n8n.node.finished","payload":{"workflowId":"S0wE13S0p23Ubdzp","workflowName":"FF_GHao_Bot","executionId":"6979","nodeType":"n8n-nodes-base.switch","nodeName":"Switch Choice17","nodeId":"889826c4-99a6-42d6-b0c1-5b702379f7eb"}}
{"__type":"$$EventMessageConfirm","confirm":"7b34fef6-174e-4a0c-ac32-3bf77e30f603","ts":"2025-11-29T10:21:00.102-05:00","source":{"id":"0","name":"eventBus"}}
{"__type":"$$EventMessageNode","id":"98dd2d94-aa3d-4c7f-b222-59a530800ea2","ts":"2025-11-29T10:21:00.103-05:00","eventName":"n8n.node.started","message":"n8n.node.started","payload":{"workflowId":"S0wE13S0p23Ubdzp","workflowName":"FF_GHao_Bot","executionId":"6979","nodeType":"n8n-nodes-base.telegram","nodeName":"Menu6","nodeId":"caa4363a-6582-472f-a618-82f4a13401e2"}}
{"__type":"$$EventMessageConfirm","confirm":"98dd2d94-aa3d-4c7f-b222-59a530800ea2","ts":"2025-11-29T10:21:00.103-05:00","source":{"id":"0","name":"eventBus"}}
{"__type":"$$EventMessageNode","id":"d6d76748-b7d7-40c3-a151-68c1e3a7d984","ts":"2025-11-29T10:21:01.029-05:00","eventName":"n8n.node.finished","message":"n8n.node.finished","payload":{"workflowId":"S0wE13S0p23Ubdzp","workflowName":"FF_GHao_Bot","executionId":"6979","nodeType":"n8n-nodes-base.telegram","nodeName":"Menu6","nodeId":"caa4363a-6582-472f-a618-82f4a13401e2"}}
{"__type":"$$EventMessageConfirm","confirm":"d6d76748-b7d7-40c3-a151-68c1e3a7d984","ts":"2025-11-29T10:21:01.030-05:00","source":{"id":"0","name":"eventBus"}}
{"__type":"$$EventMessageWorkflow","id":"9e2483ef-56dc-4814-a054-12432c0622ce","ts":"2025-11-29T10:21:01.038-05:00","eventName":"n8n.workflow.success","message":"n8n.workflow.success","payload":{"executionId":"6979","success":true,"isManual":false,"workflowId":"S0wE13S0p23Ubdzp","workflowName":"FF_GHao_Bot"}}
{"__type":"$$EventMessageConfirm","confirm":"9e2483ef-56dc-4814-a054-12432c0622ce","ts":"2025-11-29T10:21:01.039-05:00","source":{"id":"0","name":"eventBus"}}
{"__type":"$$EventMessageWorkflow","id":"982e9ef9-7076-416f-a8e4-4b531986a91a","ts":"2025-11-29T10:21:31.236-05:00","eventName":"n8n.workflow.started","message":"n8n.workflow.started","payload":{"executionId":"6980","workflowId":"RnANwdBgXbppxBDX","isManual":false,"workflowName":"FF-Thuy Bot"}}
{"__type":"$$EventMessageConfirm","confirm":"982e9ef9-7076-416f-a8e4-4b531986a91a","ts":"2025-11-29T10:21:31.237-05:00","source":{"id":"0","name":"eventBus"}}
{"__type":"$$EventMessageNode","id":"da5c2b88-2bc4-4ee7-89f2-9b545ac9150d","ts":"2025-11-29T10:21:31.237-05:00","eventName":"n8n.node.started","message":"n8n.node.started","payload":{"workflowId":"RnANwdBgXbppxBDX","workflowName":"FF-Thuy Bot","executionId":"6980","nodeType":"n8n-nodes-base.telegramTrigger","nodeName":"Telegram Trigger","nodeId":"fb5913fb-226b-4328-9b0c-6016bb238bbf"}}
{"__type":"$$EventMessageConfirm","confirm":"da5c2b88-2bc4-4ee7-89f2-9b545ac9150d","ts":"2025-11-29T10:21:31.238-05:00","source":{"id":"0","name":"eventBus"}}
{"__type":"$$EventMessageNode","id":"6d83a7f6-86a2-4d55-82f6-71786ac571a4","ts":"2025-11-29T10:21:31.240-05:00","eventName":"n8n.node.finished","message":"n8n.node.finished","payload":{"workflowId":"RnANwdBgXbppxBDX","workflowName":"FF-Thuy Bot","executionId":"6980","nodeType":"n8n-nodes-base.telegramTrigger","nodeName":"Telegram Trigger","nodeId":"fb5913fb-226b-4328-9b0c-6016bb238bbf"}}
{"__type":"$$EventMessageConfirm","confirm":"6d83a7f6-86a2-4d55-82f6-71786ac571a4","ts":"2025-11-29T10:21:31.240-05:00","source":{"id":"0","name":"eventBus"}}
{"__type":"$$EventMessageNode","id":"fc045fde-8f16-4e22-9f72-e824515c5399","ts":"2025-11-29T10:21:31.241-05:00","eventName":"n8n.node.started","message":"n8n.node.started","payload":{"workflowId":"RnANwdBgXbppxBDX","workflowName":"FF-Thuy Bot","executionId":"6980","nodeType":"n8n-nodes-base.switch","nodeName":"Phân quyền","nodeId":"cdb1b414-1b9d-4a54-b16f-d4e270f3771d"}}
{"__type":"$$EventMessageConfirm","confirm":"fc045fde-8f16-4e22-9f72-e824515c5399","ts":"2025-11-29T10:21:31.242-05:00","source":{"id":"0","name":"eventBus"}}
{"__type":"$$EventMessageNode","id":"59fb7f89-c17e-40f8-a750-59eeb4715e0b","ts":"2025-11-29T10:21:31.250-05:00","eventName":"n8n.node.finished","message":"n8n.node.finished","payload":{"workflowId":"RnANwdBgXbppxBDX","workflowName":"FF-Thuy Bot","executionId":"6980","nodeType":"n8n-nodes-base.switch","nodeName":"Phân quyền","nodeId":"cdb1b414-1b9d-4a54-b16f-d4e270f3771d"}}
{"__type":"$$EventMessageConfirm","confirm":"59fb7f89-c17e-40f8-a750-59eeb4715e0b","ts":"2025-11-29T10:21:31.250-05:00","source":{"id":"0","name":"eventBus"}}
{"__type":"$$EventMessageNode","id":"71ef1be9-2ab1-4658-9135-6a8efa6c2479","ts":"2025-11-29T10:21:31.251-05:00","eventName":"n8n.node.started","message":"n8n.node.started","payload":{"workflowId":"RnANwdBgXbppxBDX","workflowName":"FF-Thuy Bot","executionId":"6980","nodeType":"n8n-nodes-base.switch","nodeName":"Switch: Callback vs Message4","nodeId":"ada4db21-c4df-46a2-adba-5083091969bc"}}
{"__type":"$$EventMessageConfirm","confirm":"71ef1be9-2ab1-4658-9135-6a8efa6c2479","ts":"2025-11-29T10:21:31.251-05:00","source":{"id":"0","name":"eventBus"}}
{"__type":"$$EventMessageNode","id":"a3071687-e91a-4681-a23f-5a3022fbb19c","ts":"2025-11-29T10:21:31.254-05:00","eventName":"n8n.node.finished","message":"n8n.node.finished","payload":{"workflowId":"RnANwdBgXbppxBDX","workflowName":"FF-Thuy Bot","executionId":"6980","nodeType":"n8n-nodes-base.switch","nodeName":"Switch: Callback vs Message4","nodeId":"ada4db21-c4df-46a2-adba-5083091969bc"}}
{"__type":"$$EventMessageConfirm","confirm":"a3071687-e91a-4681-a23f-5a3022fbb19c","ts":"2025-11-29T10:21:31.255-05:00","source":{"id":"0","name":"eventBus"}}
{"__type":"$$EventMessageNode","id":"8e56c056-18c6-4d12-8d10-a66d3b216e40","ts":"2025-11-29T10:21:31.255-05:00","eventName":"n8n.node.started","message":"n8n.node.started","payload":{"workflowId":"RnANwdBgXbppxBDX","workflowName":"FF-Thuy Bot","executionId":"6980","nodeType":"n8n-nodes-base.switch","nodeName":"Switch Choice14","nodeId":"e677a35a-0ec2-4aeb-b842-57486f93edf3"}}
{"__type":"$$EventMessageConfirm","confirm":"8e56c056-18c6-4d12-8d10-a66d3b216e40","ts":"2025-11-29T10:21:31.255-05:00","source":{"id":"0","name":"eventBus"}}
{"__type":"$$EventMessageNode","id":"b85b34dd-2daa-435c-a069-ef7bd9b503f5","ts":"2025-11-29T10:21:31.260-05:00","eventName":"n8n.node.finished","message":"n8n.node.finished","payload":{"workflowId":"RnANwdBgXbppxBDX","workflowName":"FF-Thuy Bot","executionId":"6980","nodeType":"n8n-nodes-base.switch","nodeName":"Switch Choice14","nodeId":"e677a35a-0ec2-4aeb-b842-57486f93edf3"}}
{"__type":"$$EventMessageConfirm","confirm":"b85b34dd-2daa-435c-a069-ef7bd9b503f5","ts":"2025-11-29T10:21:31.261-05:00","source":{"id":"0","name":"eventBus"}}
{"__type":"$$EventMessageNode","id":"129ec228-8ab0-4c51-b85b-50699016308f","ts":"2025-11-29T10:21:31.261-05:00","eventName":"n8n.node.started","message":"n8n.node.started","payload":{"workflowId":"RnANwdBgXbppxBDX","workflowName":"FF-Thuy Bot","executionId":"6980","nodeType":"n8n-nodes-base.telegram","nodeName":"Menu6","nodeId":"6911cb9b-e713-4d8b-97d6-e16f11b0e4e6"}}
{"__type":"$$EventMessageConfirm","confirm":"129ec228-8ab0-4c51-b85b-50699016308f","ts":"2025-11-29T10:21:31.262-05:00","source":{"id":"0","name":"eventBus"}}
{"__type":"$$EventMessageNode","id":"23f4509c-47e3-44ee-afeb-6c32d29cb106","ts":"2025-11-29T10:21:32.193-05:00","eventName":"n8n.node.finished","message":"n8n.node.finished","payload":{"workflowId":"RnANwdBgXbppxBDX","workflowName":"FF-Thuy Bot","executionId":"6980","nodeType":"n8n-nodes-base.telegram","nodeName":"Menu6","nodeId":"6911cb9b-e713-4d8b-97d6-e16f11b0e4e6"}}
{"__type":"$$EventMessageConfirm","confirm":"23f4509c-47e3-44ee-afeb-6c32d29cb106","ts":"2025-11-29T10:21:32.194-05:00","source":{"id":"0","name":"eventBus"}}
{"__type":"$$EventMessageWorkflow","id":"0cea2a4b-f118-479c-88a1-66c1a3f86d3a","ts":"2025-11-29T10:21:32.195-05:00","eventName":"n8n.workflow.success","message":"n8n.workflow.success","payload":{"executionId":"6980","success":true,"isManual":false,"workflowId":"RnANwdBgXbppxBDX","workflowName":"FF-Thuy Bot"}}
{"__type":"$$EventMessageConfirm","confirm":"0cea2a4b-f118-479c-88a1-66c1a3f86d3a","ts":"2025-11-29T10:21:32.196-05:00","source":{"id":"0","name":"eventBus"}}
{"__type":"$$EventMessageWorkflow","id":"eafd5388-78c5-426e-809c-e38301f5f73e","ts":"2025-11-29T11:43:47.557-05:00","eventName":"n8n.workflow.started","message":"n8n.workflow.started","payload":{"executionId":"6981","workflowId":"RnANwdBgXbppxBDX","isManual":false,"workflowName":"FF-Thuy Bot"}}
{"__type":"$$EventMessageConfirm","confirm":"eafd5388-78c5-426e-809c-e38301f5f73e","ts":"2025-11-29T11:43:47.558-05:00","source":{"id":"0","name":"eventBus"}}
{"__type":"$$EventMessageNode","id":"2c18e343-3ef4-486c-aea0-63feb8fbc5dc","ts":"2025-11-29T11:43:47.559-05:00","eventName":"n8n.node.started","message":"n8n.node.started","payload":{"workflowId":"RnANwdBgXbppxBDX","workflowName":"FF-Thuy Bot","executionId":"6981","nodeType":"n8n-nodes-base.telegramTrigger","nodeName":"Telegram Trigger","nodeId":"fb5913fb-226b-4328-9b0c-6016bb238bbf"}}
{"__type":"$$EventMessageConfirm","confirm":"2c18e343-3ef4-486c-aea0-63feb8fbc5dc","ts":"2025-11-29T11:43:47.560-05:00","source":{"id":"0","name":"eventBus"}}
{"__type":"$$EventMessageNode","id":"1a9a33c6-e7eb-4bf7-9921-f3841b85a1e1","ts":"2025-11-29T11:43:47.561-05:00","eventName":"n8n.node.finished","message":"n8n.node.finished","payload":{"workflowId":"RnANwdBgXbppxBDX","workflowName":"FF-Thuy Bot","executionId":"6981","nodeType":"n8n-nodes-base.telegramTrigger","nodeName":"Telegram Trigger","nodeId":"fb5913fb-226b-4328-9b0c-6016bb238bbf"}}
{"__type":"$$EventMessageConfirm","confirm":"1a9a33c6-e7eb-4bf7-9921-f3841b85a1e1","ts":"2025-11-29T11:43:47.562-05:00","source":{"id":"0","name":"eventBus"}}
{"__type":"$$EventMessageNode","id":"7e8222a5-c2d9-49ae-9cff-8210d308d830","ts":"2025-11-29T11:43:47.562-05:00","eventName":"n8n.node.started","message":"n8n.node.started","payload":{"workflowId":"RnANwdBgXbppxBDX","workflowName":"FF-Thuy Bot","executionId":"6981","nodeType":"n8n-nodes-base.switch","nodeName":"Phân quyền","nodeId":"cdb1b414-1b9d-4a54-b16f-d4e270f3771d"}}
{"__type":"$$EventMessageConfirm","confirm":"7e8222a5-c2d9-49ae-9cff-8210d308d830","ts":"2025-11-29T11:43:47.563-05:00","source":{"id":"0","name":"eventBus"}}
{"__type":"$$EventMessageNode","id":"f5a93b9b-7319-4d9e-97b9-97268fb69571","ts":"2025-11-29T11:43:47.571-05:00","eventName":"n8n.node.finished","message":"n8n.node.finished","payload":{"workflowId":"RnANwdBgXbppxBDX","workflowName":"FF-Thuy Bot","executionId":"6981","nodeType":"n8n-nodes-base.switch","nodeName":"Phân quyền","nodeId":"cdb1b414-1b9d-4a54-b16f-d4e270f3771d"}}
{"__type":"$$EventMessageConfirm","confirm":"f5a93b9b-7319-4d9e-97b9-97268fb69571","ts":"2025-11-29T11:43:47.571-05:00","source":{"id":"0","name":"eventBus"}}
{"__type":"$$EventMessageNode","id":"305e40e6-5b29-4d4b-ab93-033606dd234e","ts":"2025-11-29T11:43:47.572-05:00","eventName":"n8n.node.started","message":"n8n.node.started","payload":{"workflowId":"RnANwdBgXbppxBDX","workflowName":"FF-Thuy Bot","executionId":"6981","nodeType":"n8n-nodes-base.switch","nodeName":"Switch: Callback vs Message4","nodeId":"ada4db21-c4df-46a2-adba-5083091969bc"}}
{"__type":"$$EventMessageConfirm","confirm":"305e40e6-5b29-4d4b-ab93-033606dd234e","ts":"2025-11-29T11:43:47.572-05:00","source":{"id":"0","name":"eventBus"}}
{"__type":"$$EventMessageNode","id":"383275a4-b7e4-4aba-b676-1d1e20f69142","ts":"2025-11-29T11:43:47.575-05:00","eventName":"n8n.node.finished","message":"n8n.node.finished","payload":{"workflowId":"RnANwdBgXbppxBDX","workflowName":"FF-Thuy Bot","executionId":"6981","nodeType":"n8n-nodes-base.switch","nodeName":"Switch: Callback vs Message4","nodeId":"ada4db21-c4df-46a2-adba-5083091969bc"}}
{"__type":"$$EventMessageConfirm","confirm":"383275a4-b7e4-4aba-b676-1d1e20f69142","ts":"2025-11-29T11:43:47.575-05:00","source":{"id":"0","name":"eventBus"}}
{"__type":"$$EventMessageNode","id":"2f4b2e9c-410d-485f-8ca7-552ba8991534","ts":"2025-11-29T11:43:47.576-05:00","eventName":"n8n.node.started","message":"n8n.node.started","payload":{"workflowId":"RnANwdBgXbppxBDX","workflowName":"FF-Thuy Bot","executionId":"6981","nodeType":"n8n-nodes-base.switch","nodeName":"Switch Choice14","nodeId":"e677a35a-0ec2-4aeb-b842-57486f93edf3"}}
{"__type":"$$EventMessageConfirm","confirm":"2f4b2e9c-410d-485f-8ca7-552ba8991534","ts":"2025-11-29T11:43:47.576-05:00","source":{"id":"0","name":"eventBus"}}
{"__type":"$$EventMessageNode","id":"b3ad6f09-685d-4bf3-aabb-132e8ac62a93","ts":"2025-11-29T11:43:47.580-05:00","eventName":"n8n.node.finished","message":"n8n.node.finished","payload":{"workflowId":"RnANwdBgXbppxBDX","workflowName":"FF-Thuy Bot","executionId":"6981","nodeType":"n8n-nodes-base.switch","nodeName":"Switch Choice14","nodeId":"e677a35a-0ec2-4aeb-b842-57486f93edf3"}}
{"__type":"$$EventMessageConfirm","confirm":"b3ad6f09-685d-4bf3-aabb-132e8ac62a93","ts":"2025-11-29T11:43:47.580-05:00","source":{"id":"0","name":"eventBus"}}
{"__type":"$$EventMessageNode","id":"c1d5a228-516d-4cad-ba38-f1eb9930ab81","ts":"2025-11-29T11:43:47.580-05:00","eventName":"n8n.node.started","message":"n8n.node.started","payload":{"workflowId":"RnANwdBgXbppxBDX","workflowName":"FF-Thuy Bot","executionId":"6981","nodeType":"n8n-nodes-base.telegram","nodeName":"Menu6","nodeId":"6911cb9b-e713-4d8b-97d6-e16f11b0e4e6"}}
{"__type":"$$EventMessageConfirm","confirm":"c1d5a228-516d-4cad-ba38-f1eb9930ab81","ts":"2025-11-29T11:43:47.581-05:00","source":{"id":"0","name":"eventBus"}}
{"__type":"$$EventMessageNode","id":"584efbc4-9610-4511-b7ef-9c3db6cfb440","ts":"2025-11-29T11:43:48.579-05:00","eventName":"n8n.node.finished","message":"n8n.node.finished","payload":{"workflowId":"RnANwdBgXbppxBDX","workflowName":"FF-Thuy Bot","executionId":"6981","nodeType":"n8n-nodes-base.telegram","nodeName":"Menu6","nodeId":"6911cb9b-e713-4d8b-97d6-e16f11b0e4e6"}}
{"__type":"$$EventMessageConfirm","confirm":"584efbc4-9610-4511-b7ef-9c3db6cfb440","ts":"2025-11-29T11:43:48.580-05:00","source":{"id":"0","name":"eventBus"}}
{"__type":"$$EventMessageWorkflow","id":"8d00167e-b208-4562-a5aa-ad83459b59ef","ts":"2025-11-29T11:43:48.580-05:00","eventName":"n8n.workflow.success","message":"n8n.workflow.success","payload":{"executionId":"6981","success":true,"isManual":false,"workflowId":"RnANwdBgXbppxBDX","workflowName":"FF-Thuy Bot"}}
{"__type":"$$EventMessageConfirm","confirm":"8d00167e-b208-4562-a5aa-ad83459b59ef","ts":"2025-11-29T11:43:48.581-05:00","source":{"id":"0","name":"eventBus"}}
